<?xml version="1.0" encoding="UTF-8"?>
<testsuite name="CsvFilterTest" tests="1" skipped="0" failures="0" errors="0" timestamp="2023-03-21T11:09:45" hostname="DESKTOP-AUO9ALU" time="0.039">
  <properties/>
  <testcase name="given_empty_list_return_empty_list()" classname="CsvFilterTest" time="0.039"/>
  <system-out><![CDATA[]]></system-out>
  <system-err><![CDATA[]]></system-err>
</testsuite>
