<?xml version="1.0" encoding="UTF-8"?>
<testsuite name="CsvFilterTest" tests="1" skipped="0" failures="0" errors="0" timestamp="2023-03-28T07:37:07" hostname="DESKTOP-AUO9ALU" time="0.029">
  <properties/>
  <testcase name="if_header_is_not_entered_return_throw_error()" classname="CsvFilterTest" time="0.029"/>
  <system-out><![CDATA[]]></system-out>
  <system-err><![CDATA[]]></system-err>
</testsuite>
