<?xml version="1.0" encoding="UTF-8"?>
<testsuite name="CsvFilterTest" tests="1" skipped="0" failures="0" errors="0" timestamp="2023-03-21T11:43:05" hostname="DESKTOP-AUO9ALU" time="0.036">
  <properties/>
  <testcase name="given_list_without_header_line_return_throw_error()" classname="CsvFilterTest" time="0.036"/>
  <system-out><![CDATA[]]></system-out>
  <system-err><![CDATA[]]></system-err>
</testsuite>
