<?xml version="1.0" encoding="UTF-8"?>
<testsuite name="CsvFilterTest" tests="1" skipped="0" failures="0" errors="0" timestamp="2023-03-21T12:12:13" hostname="DESKTOP-AUO9ALU" time="0.035">
  <properties/>
  <testcase name="given_correct_entrance_return_same_lines()" classname="CsvFilterTest" time="0.035"/>
  <system-out><![CDATA[]]></system-out>
  <system-err><![CDATA[]]></system-err>
</testsuite>
